Línea 62: la clase MSAdodcLib.Adodc del control Adodc1 no era una clase de control cargada.
Línea 109: la clase MSDataGridLib.DataGrid del control DataGrid1 no era una clase de control cargada.
Línea 68: el nombre de la propiedad _ExtentX de Adodc1 no es válido.
Línea 69: el nombre de la propiedad _ExtentY de Adodc1 no es válido.
Línea 70: el nombre de la propiedad ConnectMode de Adodc1 no es válido.
Línea 71: el nombre de la propiedad CursorLocation de Adodc1 no es válido.
Línea 72: el nombre de la propiedad IsolationLevel de Adodc1 no es válido.
Línea 73: el nombre de la propiedad ConnectionTimeout de Adodc1 no es válido.
Línea 74: el nombre de la propiedad CommandTimeout de Adodc1 no es válido.
Línea 75: el nombre de la propiedad CursorType de Adodc1 no es válido.
Línea 76: el nombre de la propiedad LockType de Adodc1 no es válido.
Línea 77: el nombre de la propiedad CommandType de Adodc1 no es válido.
Línea 78: el nombre de la propiedad CursorOptions de Adodc1 no es válido.
Línea 79: el nombre de la propiedad CacheSize de Adodc1 no es válido.
Línea 80: el nombre de la propiedad MaxRecords de Adodc1 no es válido.
Línea 81: el nombre de la propiedad BOFAction de Adodc1 no es válido.
Línea 82: el nombre de la propiedad EOFAction de Adodc1 no es válido.
Línea 83: el nombre de la propiedad ConnectStringType de Adodc1 no es válido.
Línea 87: el nombre de la propiedad Orientation de Adodc1 no es válido.
Línea 89: el nombre de la propiedad Connect de Adodc1 no es válido.
Línea 90: el nombre de la propiedad OLEDBString de Adodc1 no es válido.
Línea 91: el nombre de la propiedad OLEDBFile de Adodc1 no es válido.
Línea 92: el nombre de la propiedad DataSourceName de Adodc1 no es válido.
Línea 93: el nombre de la propiedad OtherAttributes de Adodc1 no es válido.
Línea 94: el nombre de la propiedad UserName de Adodc1 no es válido.
Línea 95: el nombre de la propiedad Password de Adodc1 no es válido.
Línea 96: el nombre de la propiedad RecordSource de Adodc1 no es válido.
Línea 97: el nombre de la propiedad Caption de Adodc1 no es válido.
Línea 107: el nombre de la propiedad _Version de Adodc1 no es válido.
Línea 110: el nombre de la propiedad Bindings de DataGrid1 no es válido.
Línea 116: el nombre de la propiedad _ExtentX de DataGrid1 no es válido.
Línea 117: el nombre de la propiedad _ExtentY de DataGrid1 no es válido.
Línea 118: el nombre de la propiedad _Version de DataGrid1 no es válido.
Línea 119: el nombre de la propiedad HeadLines de DataGrid1 no es válido.
Línea 120: el nombre de la propiedad RowHeight de DataGrid1 no es válido.
Línea 129: el nombre de la propiedad HeadFont de DataGrid1 no es válido.
Línea 139: el nombre de la propiedad ColumnCount de DataGrid1 no es válido.
Línea 152: el nombre de la propiedad Column00 de DataGrid1 no es válido.
Línea 165: el nombre de la propiedad Column01 de DataGrid1 no es válido.
Línea 166: el nombre de la propiedad SplitCount de DataGrid1 no es válido.
Línea 172: el nombre de la propiedad Split0 de DataGrid1 no es válido.
